2023-08-19 17:37:09.550 [info] Log level: Info
2023-08-19 17:37:09.550 [info] Validating found git in: "git"
2023-08-19 17:37:09.550 [info] Using git "2.34.1" from "git"
2023-08-19 17:37:09.571 [info] > git rev-parse --show-toplevel [219ms]
2023-08-19 17:37:09.571 [info] fatal: not a git repository (or any parent up to mount point /mnt)
Stopping at filesystem boundary (GIT_DISCOVERY_ACROSS_FILESYSTEM not set).
2023-08-19 17:37:09.607 [info] > git rev-parse --show-toplevel [16ms]
2023-08-19 17:37:09.607 [info] fatal: not a git repository (or any parent up to mount point /mnt)
Stopping at filesystem boundary (GIT_DISCOVERY_ACROSS_FILESYSTEM not set).
2023-08-19 17:37:09.717 [info] > git rev-parse --show-toplevel [83ms]
2023-08-19 17:37:09.717 [info] fatal: not a git repository (or any parent up to mount point /mnt)
Stopping at filesystem boundary (GIT_DISCOVERY_ACROSS_FILESYSTEM not set).
2023-08-19 17:37:09.754 [info] > git rev-parse --show-toplevel [19ms]
2023-08-19 17:37:09.754 [info] fatal: not a git repository (or any parent up to mount point /mnt)
Stopping at filesystem boundary (GIT_DISCOVERY_ACROSS_FILESYSTEM not set).
2023-08-19 17:37:09.784 [info] > git rev-parse --show-toplevel [12ms]
2023-08-19 17:37:09.784 [info] fatal: not a git repository (or any parent up to mount point /mnt)
Stopping at filesystem boundary (GIT_DISCOVERY_ACROSS_FILESYSTEM not set).
2023-08-19 17:37:09.806 [info] > git rev-parse --show-toplevel [6ms]
2023-08-19 17:37:09.806 [info] fatal: not a git repository (or any parent up to mount point /mnt)
Stopping at filesystem boundary (GIT_DISCOVERY_ACROSS_FILESYSTEM not set).
2023-08-19 17:37:09.827 [info] > git rev-parse --show-toplevel [7ms]
2023-08-19 17:37:09.828 [info] fatal: not a git repository (or any parent up to mount point /mnt)
Stopping at filesystem boundary (GIT_DISCOVERY_ACROSS_FILESYSTEM not set).
2023-08-19 17:37:09.847 [info] > git rev-parse --show-toplevel [9ms]
2023-08-19 17:37:09.848 [info] fatal: not a git repository (or any parent up to mount point /mnt)
Stopping at filesystem boundary (GIT_DISCOVERY_ACROSS_FILESYSTEM not set).
2023-08-19 17:37:09.874 [info] > git rev-parse --show-toplevel [12ms]
2023-08-19 17:37:09.875 [info] fatal: not a git repository (or any parent up to mount point /mnt)
Stopping at filesystem boundary (GIT_DISCOVERY_ACROSS_FILESYSTEM not set).
2023-08-19 17:37:09.903 [info] > git rev-parse --show-toplevel [13ms]
2023-08-19 17:37:09.903 [info] fatal: not a git repository (or any parent up to mount point /mnt)
Stopping at filesystem boundary (GIT_DISCOVERY_ACROSS_FILESYSTEM not set).
2023-08-19 17:37:09.929 [info] > git rev-parse --show-toplevel [11ms]
2023-08-19 17:37:09.930 [info] fatal: not a git repository (or any parent up to mount point /mnt)
Stopping at filesystem boundary (GIT_DISCOVERY_ACROSS_FILESYSTEM not set).
2023-08-19 17:37:09.949 [info] > git rev-parse --show-toplevel [8ms]
2023-08-19 17:37:09.949 [info] fatal: not a git repository (or any parent up to mount point /mnt)
Stopping at filesystem boundary (GIT_DISCOVERY_ACROSS_FILESYSTEM not set).
2023-08-19 17:37:09.967 [info] > git rev-parse --show-toplevel [10ms]
2023-08-19 17:37:09.967 [info] fatal: not a git repository (or any parent up to mount point /mnt)
Stopping at filesystem boundary (GIT_DISCOVERY_ACROSS_FILESYSTEM not set).
2023-08-19 17:37:09.987 [info] > git rev-parse --show-toplevel [6ms]
2023-08-19 17:37:09.987 [info] fatal: not a git repository (or any parent up to mount point /mnt)
Stopping at filesystem boundary (GIT_DISCOVERY_ACROSS_FILESYSTEM not set).
2023-08-19 17:37:10.002 [info] > git rev-parse --show-toplevel [4ms]
2023-08-19 17:37:10.002 [info] fatal: not a git repository (or any parent up to mount point /mnt)
Stopping at filesystem boundary (GIT_DISCOVERY_ACROSS_FILESYSTEM not set).
2023-08-19 17:37:10.021 [info] > git rev-parse --show-toplevel [10ms]
2023-08-19 17:37:10.021 [info] fatal: not a git repository (or any parent up to mount point /mnt)
Stopping at filesystem boundary (GIT_DISCOVERY_ACROSS_FILESYSTEM not set).
2023-08-19 17:37:10.080 [info] > git rev-parse --show-toplevel [18ms]
2023-08-19 17:37:10.080 [info] fatal: not a git repository (or any parent up to mount point /mnt)
Stopping at filesystem boundary (GIT_DISCOVERY_ACROSS_FILESYSTEM not set).
2023-08-19 17:37:10.231 [info] > git rev-parse --show-toplevel [18ms]
2023-08-19 17:37:10.231 [info] fatal: not a git repository (or any parent up to mount point /mnt)
Stopping at filesystem boundary (GIT_DISCOVERY_ACROSS_FILESYSTEM not set).
