2023-08-19 16:13:48.479 [info] Log level: Info
2023-08-19 16:13:48.479 [info] Validating found git in: "git"
2023-08-19 16:13:48.479 [info] Using git "2.34.1" from "git"
2023-08-19 16:13:48.479 [info] > git rev-parse --show-toplevel [62ms]
2023-08-19 16:13:48.479 [info] fatal: not a git repository (or any parent up to mount point /mnt)
Stopping at filesystem boundary (GIT_DISCOVERY_ACROSS_FILESYSTEM not set).
2023-08-19 16:13:48.578 [info] > git rev-parse --show-toplevel [101ms]
2023-08-19 16:13:48.578 [info] fatal: not a git repository (or any parent up to mount point /mnt)
Stopping at filesystem boundary (GIT_DISCOVERY_ACROSS_FILESYSTEM not set).
2023-08-19 16:13:48.641 [info] > git rev-parse --show-toplevel [39ms]
2023-08-19 16:13:48.641 [info] fatal: not a git repository (or any parent up to mount point /mnt)
Stopping at filesystem boundary (GIT_DISCOVERY_ACROSS_FILESYSTEM not set).
2023-08-19 16:13:48.695 [info] > git rev-parse --show-toplevel [30ms]
2023-08-19 16:13:48.695 [info] fatal: not a git repository (or any parent up to mount point /mnt)
Stopping at filesystem boundary (GIT_DISCOVERY_ACROSS_FILESYSTEM not set).
2023-08-19 16:13:48.727 [info] > git rev-parse --show-toplevel [14ms]
2023-08-19 16:13:48.728 [info] fatal: not a git repository (or any parent up to mount point /mnt)
Stopping at filesystem boundary (GIT_DISCOVERY_ACROSS_FILESYSTEM not set).
2023-08-19 16:13:48.768 [info] > git rev-parse --show-toplevel [24ms]
2023-08-19 16:13:48.768 [info] fatal: not a git repository (or any parent up to mount point /mnt)
Stopping at filesystem boundary (GIT_DISCOVERY_ACROSS_FILESYSTEM not set).
2023-08-19 16:13:48.796 [info] > git rev-parse --show-toplevel [11ms]
2023-08-19 16:13:48.797 [info] fatal: not a git repository (or any parent up to mount point /mnt)
Stopping at filesystem boundary (GIT_DISCOVERY_ACROSS_FILESYSTEM not set).
2023-08-19 16:13:48.834 [info] > git rev-parse --show-toplevel [25ms]
2023-08-19 16:13:48.834 [info] fatal: not a git repository (or any parent up to mount point /mnt)
Stopping at filesystem boundary (GIT_DISCOVERY_ACROSS_FILESYSTEM not set).
2023-08-19 16:13:48.861 [info] > git rev-parse --show-toplevel [7ms]
2023-08-19 16:13:48.861 [info] fatal: not a git repository (or any parent up to mount point /mnt)
Stopping at filesystem boundary (GIT_DISCOVERY_ACROSS_FILESYSTEM not set).
2023-08-19 16:13:48.894 [info] > git rev-parse --show-toplevel [15ms]
2023-08-19 16:13:48.894 [info] fatal: not a git repository (or any parent up to mount point /mnt)
Stopping at filesystem boundary (GIT_DISCOVERY_ACROSS_FILESYSTEM not set).
2023-08-19 16:13:48.916 [info] > git rev-parse --show-toplevel [5ms]
2023-08-19 16:13:48.916 [info] fatal: not a git repository (or any parent up to mount point /mnt)
Stopping at filesystem boundary (GIT_DISCOVERY_ACROSS_FILESYSTEM not set).
2023-08-19 16:13:48.945 [info] > git rev-parse --show-toplevel [17ms]
2023-08-19 16:13:48.945 [info] fatal: not a git repository (or any parent up to mount point /mnt)
Stopping at filesystem boundary (GIT_DISCOVERY_ACROSS_FILESYSTEM not set).
2023-08-19 16:13:48.961 [info] > git rev-parse --show-toplevel [6ms]
2023-08-19 16:13:48.961 [info] fatal: not a git repository (or any parent up to mount point /mnt)
Stopping at filesystem boundary (GIT_DISCOVERY_ACROSS_FILESYSTEM not set).
2023-08-19 16:13:48.977 [info] > git rev-parse --show-toplevel [5ms]
2023-08-19 16:13:48.977 [info] fatal: not a git repository (or any parent up to mount point /mnt)
Stopping at filesystem boundary (GIT_DISCOVERY_ACROSS_FILESYSTEM not set).
2023-08-19 16:13:48.994 [info] > git rev-parse --show-toplevel [5ms]
2023-08-19 16:13:48.994 [info] fatal: not a git repository (or any parent up to mount point /mnt)
Stopping at filesystem boundary (GIT_DISCOVERY_ACROSS_FILESYSTEM not set).
2023-08-19 16:13:49.008 [info] > git rev-parse --show-toplevel [5ms]
2023-08-19 16:13:49.008 [info] fatal: not a git repository (or any parent up to mount point /mnt)
Stopping at filesystem boundary (GIT_DISCOVERY_ACROSS_FILESYSTEM not set).
2023-08-19 16:13:49.027 [info] > git rev-parse --show-toplevel [9ms]
2023-08-19 16:13:49.027 [info] fatal: not a git repository (or any parent up to mount point /mnt)
Stopping at filesystem boundary (GIT_DISCOVERY_ACROSS_FILESYSTEM not set).
